c:\chess\build\chess.dir\debug\vc143.pdb
c:\chess\build\chess.dir\debug\renderer.obj
c:\chess\build\chess.dir\debug\notation.obj
c:\chess\build\chess.dir\debug\game.obj
c:\chess\build\chess.dir\debug\move.obj
c:\chess\build\chess.dir\debug\piece.obj
c:\chess\build\chess.dir\debug\board.obj
c:\chess\build\chess.dir\debug\main.obj
c:\chess\build\chess.dir\debug\texture.obj
c:\chess\build\cmakefiles\generate.stamp
c:\chess\build\debug\chess.exe
c:\chess\build\debug\chess.pdb
c:\chess\build\chess.dir\debug\board.cpp.module.json
c:\chess\build\chess.dir\debug\move.cpp.module.json
c:\chess\build\chess.dir\debug\piece.cpp.module.json
c:\chess\build\chess.dir\debug\notation.cpp.module.json
c:\chess\build\chess.dir\debug\game.cpp.module.json
c:\chess\build\chess.dir\debug\main.cpp.module.json
c:\chess\build\chess.dir\debug\chess.ilk
c:\chess\build\chess.dir\debug\chess.tlog\cl.command.1.tlog
c:\chess\build\chess.dir\debug\chess.tlog\cl.items.tlog
c:\chess\build\chess.dir\debug\chess.tlog\cl.read.1.tlog
c:\chess\build\chess.dir\debug\chess.tlog\cl.write.1.tlog
c:\chess\build\chess.dir\debug\chess.tlog\custombuild.command.1.tlog
c:\chess\build\chess.dir\debug\chess.tlog\custombuild.read.1.tlog
c:\chess\build\chess.dir\debug\chess.tlog\custombuild.write.1.tlog
c:\chess\build\chess.dir\debug\chess.tlog\link.command.1.tlog
c:\chess\build\chess.dir\debug\chess.tlog\link.read.1.tlog
c:\chess\build\chess.dir\debug\chess.tlog\link.secondary.1.tlog
c:\chess\build\chess.dir\debug\chess.tlog\link.write.1.tlog
c:\chess\build\chess.dir\debug\chess_md.tlog\cl.command.1.tlog
c:\chess\build\chess.dir\debug\chess_md.tlog\microsoft.build.cpptasks.cl.read.1.tlog
c:\chess\build\chess.dir\debug\chess_md.tlog\microsoft.build.cpptasks.cl.write.1.tlog
